<?xml version="1.0" encoding="UTF-8"?>
<testng-results ignored="0" total="1" passed="1" failed="0" skipped="0">
  <reporter-output>
  </reporter-output>
  <suite started-at="2023-05-24T21:04:18 IST" name="Default suite" finished-at="2023-05-24T21:04:26 IST" duration-ms="8012">
    <groups>
    </groups>
    <test started-at="2023-05-24T21:04:18 IST" name="Default test" finished-at="2023-05-24T21:04:26 IST" duration-ms="8012">
      <class name="Testscript.Sample">
        <test-method is-config="true" signature="openApp()[pri:0, instance:Testscript.Sample@247d8ae]" started-at="2023-05-24T21:04:18 IST" name="openApp" finished-at="2023-05-24T21:04:24 IST" duration-ms="5164" status="PASS">
          <reporter-output>
          </reporter-output>
        </test-method> <!-- openApp -->
        <test-method signature="test()[pri:0, instance:Testscript.Sample@247d8ae]" started-at="2023-05-24T21:04:24 IST" name="test" finished-at="2023-05-24T21:04:25 IST" duration-ms="1906" status="PASS">
          <reporter-output>
          </reporter-output>
        </test-method> <!-- test -->
        <test-method is-config="true" signature="closeApp(org.testng.ITestResult)[pri:0, instance:Testscript.Sample@247d8ae]" started-at="2023-05-24T21:04:25 IST" name="closeApp" finished-at="2023-05-24T21:04:26 IST" duration-ms="917" status="PASS">
          <params>
            <param index="0">
              <value>
                <![CDATA[[TestResult name=test status=SUCCESS method=Sample.test()[pri:0, instance:Testscript.Sample@247d8ae] output={null}]]]>
              </value>
            </param>
          </params>
          <reporter-output>
          </reporter-output>
        </test-method> <!-- closeApp -->
      </class> <!-- Testscript.Sample -->
    </test> <!-- Default test -->
  </suite> <!-- Default suite -->
</testng-results>
